<?xml version="1.0" encoding="UTF-8"?>
<!-- Generated by org.testng.reporters.JUnitReportReporter -->
<testsuite hostname="AFSWWWRSXZ9WI8" name="runners.MainRunner" tests="1" failures="0" timestamp="2 Oct 2019 14:41:37 GMT" time="58.540" errors="0">
  <testcase name="feature" time="58.540" classname="runners.MainRunner"/>
</testsuite> <!-- runners.MainRunner -->
